[0m21:04:14.447802 [debug] [MainThread]: Sending event: {'category': 'dbt', 'action': 'invocation', 'label': 'start', 'context': [<snowplow_tracker.self_describing_json.SelfDescribingJson object at 0x000002182FE3FCB0>, <snowplow_tracker.self_describing_json.SelfDescribingJson object at 0x0000021830B6E490>, <snowplow_tracker.self_describing_json.SelfDescribingJson object at 0x000002183109FC50>]}


============================== 21:04:14.452143 | ed351401-0cde-4360-b60d-acb112b57dc7 ==============================
[0m21:04:14.452143 [info ] [MainThread]: Running with dbt=1.10.4
[0m21:04:14.452795 [debug] [MainThread]: running dbt with arguments {'printer_width': '80', 'indirect_selection': 'eager', 'write_json': 'True', 'log_cache_events': 'False', 'partial_parse': 'True', 'cache_selected_only': 'False', 'profiles_dir': 'C:\\Users\\surya\\.dbt', 'fail_fast': 'False', 'warn_error': 'None', 'log_path': 'logs', 'version_check': 'True', 'debug': 'False', 'use_colors': 'True', 'use_experimental_parser': 'False', 'empty': 'None', 'quiet': 'False', 'no_print': 'None', 'log_format': 'default', 'introspect': 'True', 'warn_error_options': 'WarnErrorOptionsV2(error=[], warn=[], silence=[])', 'static_parser': 'True', 'target_path': 'None', 'invocation_command': 'dbt init', 'send_anonymous_usage_stats': 'True'}
[0m21:04:14.469576 [info ] [MainThread]: Creating dbt configuration folder at C:\Users\surya\.dbt
[0m21:04:43.763625 [debug] [MainThread]: Starter project path: D:\Coding\DBT_Project\myvenv\Lib\site-packages\dbt\include\starter_project
[0m21:04:43.776430 [info ] [MainThread]: 
Your new dbt project "nyc_parking_violations" was created!

For more information on how to configure the profiles.yml file,
please consult the dbt documentation here:

  https://docs.getdbt.com/docs/configure-your-profile

One more thing:

Need help? Don't hesitate to reach out to us via GitHub issues or on Slack:

  https://community.getdbt.com/

Happy modeling!

[0m21:04:43.776988 [info ] [MainThread]: Setting up your profile.
[0m21:04:43.778461 [error] [MainThread]: Encountered an error:
Runtime Error
  No adapters available. Learn how to install an adapter by going to https://docs.getdbt.com/docs/connect-adapters#install-using-the-cli
[0m21:04:43.779568 [debug] [MainThread]: Command `dbt init` failed at 21:04:43.779463 after 29.44 seconds
[0m21:04:43.779869 [debug] [MainThread]: Sending event: {'category': 'dbt', 'action': 'invocation', 'label': 'end', 'context': [<snowplow_tracker.self_describing_json.SelfDescribingJson object at 0x0000021831140C30>, <snowplow_tracker.self_describing_json.SelfDescribingJson object at 0x000002183114E450>, <snowplow_tracker.self_describing_json.SelfDescribingJson object at 0x0000021830FAA140>]}
[0m21:04:43.780188 [debug] [MainThread]: Flushing usage events
[0m21:04:44.768731 [debug] [MainThread]: An error was encountered while trying to flush usage events
[0m21:13:13.661331 [debug] [MainThread]: Sending event: {'category': 'dbt', 'action': 'invocation', 'label': 'start', 'context': [<snowplow_tracker.self_describing_json.SelfDescribingJson object at 0x000001E2A308FCB0>, <snowplow_tracker.self_describing_json.SelfDescribingJson object at 0x000001E2A3DBE490>, <snowplow_tracker.self_describing_json.SelfDescribingJson object at 0x000001E2A42F3C50>]}


============================== 21:13:13.664575 | dcc125e7-7774-4cb7-865f-af1b05c4fc2a ==============================
[0m21:13:13.664575 [info ] [MainThread]: Running with dbt=1.10.4
[0m21:13:13.665066 [debug] [MainThread]: running dbt with arguments {'printer_width': '80', 'indirect_selection': 'eager', 'write_json': 'True', 'log_cache_events': 'False', 'partial_parse': 'True', 'cache_selected_only': 'False', 'profiles_dir': 'C:\\Users\\surya\\.dbt', 'debug': 'False', 'version_check': 'True', 'log_path': 'logs', 'fail_fast': 'False', 'warn_error': 'None', 'use_colors': 'True', 'use_experimental_parser': 'False', 'empty': 'None', 'quiet': 'False', 'no_print': 'None', 'log_format': 'default', 'static_parser': 'True', 'introspect': 'True', 'invocation_command': 'dbt debug', 'target_path': 'None', 'warn_error_options': 'WarnErrorOptionsV2(error=[], warn=[], silence=[])', 'send_anonymous_usage_stats': 'True'}
[0m21:13:13.681154 [info ] [MainThread]: dbt version: 1.10.4
[0m21:13:13.681585 [info ] [MainThread]: python version: 3.13.3
[0m21:13:13.681915 [info ] [MainThread]: python path: D:\Coding\DBT_Project\myvenv\Scripts\python.exe
[0m21:13:13.682214 [info ] [MainThread]: os info: Windows-11-10.0.26100-SP0
[0m21:13:13.682536 [info ] [MainThread]: Using profiles dir at C:\Users\surya\.dbt
[0m21:13:13.682842 [info ] [MainThread]: Using profiles.yml file at C:\Users\surya\.dbt\profiles.yml
[0m21:13:13.683159 [info ] [MainThread]: Using dbt_project.yml file at D:\Coding\DBT_Project\dbt_project.yml
[0m21:13:13.683524 [info ] [MainThread]: Configuration:
[0m21:13:13.683808 [info ] [MainThread]:   profiles.yml file [[31mERROR not found[0m]
[0m21:13:13.684082 [info ] [MainThread]:   dbt_project.yml file [[31mERROR not found[0m]
[0m21:13:13.684348 [info ] [MainThread]: Required dependencies:
[0m21:13:13.684631 [debug] [MainThread]: Executing "git --help"
[0m21:13:13.705491 [debug] [MainThread]: STDOUT: "b"usage: git [-v | --version] [-h | --help] [-C <path>] [-c <name>=<value>]\n           [--exec-path[=<path>]] [--html-path] [--man-path] [--info-path]\n           [-p | --paginate | -P | --no-pager] [--no-replace-objects] [--no-lazy-fetch]\n           [--no-optional-locks] [--no-advice] [--bare] [--git-dir=<path>]\n           [--work-tree=<path>] [--namespace=<name>] [--config-env=<name>=<envvar>]\n           <command> [<args>]\n\nThese are common Git commands used in various situations:\n\nstart a working area (see also: git help tutorial)\n   clone      Clone a repository into a new directory\n   init       Create an empty Git repository or reinitialize an existing one\n\nwork on the current change (see also: git help everyday)\n   add        Add file contents to the index\n   mv         Move or rename a file, a directory, or a symlink\n   restore    Restore working tree files\n   rm         Remove files from the working tree and from the index\n\nexamine the history and state (see also: git help revisions)\n   bisect     Use binary search to find the commit that introduced a bug\n   diff       Show changes between commits, commit and working tree, etc\n   grep       Print lines matching a pattern\n   log        Show commit logs\n   show       Show various types of objects\n   status     Show the working tree status\n\ngrow, mark and tweak your common history\n   backfill   Download missing objects in a partial clone\n   branch     List, create, or delete branches\n   commit     Record changes to the repository\n   merge      Join two or more development histories together\n   rebase     Reapply commits on top of another base tip\n   reset      Reset current HEAD to the specified state\n   switch     Switch branches\n   tag        Create, list, delete or verify a tag object signed with GPG\n\ncollaborate (see also: git help workflows)\n   fetch      Download objects and refs from another repository\n   pull       Fetch from and integrate with another repository or a local branch\n   push       Update remote refs along with associated objects\n\n'git help -a' and 'git help -g' list available subcommands and some\nconcept guides. See 'git help <command>' or 'git help <concept>'\nto read about a specific subcommand or concept.\nSee 'git help git' for an overview of the system.\n""
[0m21:13:13.705915 [debug] [MainThread]: STDERR: "b''"
[0m21:13:13.706178 [info ] [MainThread]:  - git [[32mOK found[0m]

[0m21:13:13.706530 [info ] [MainThread]: Connection test skipped since no profile was found
[0m21:13:13.706986 [info ] [MainThread]: [31m2 checks failed:[0m
[0m21:13:13.707390 [info ] [MainThread]: dbt looked for a profiles.yml file in C:\Users\surya\.dbt\profiles.yml, but did
not find one. For more information on configuring your profile, consult the
documentation:

https://docs.getdbt.com/docs/configure-your-profile


[0m21:13:13.708204 [info ] [MainThread]: Project loading failed for the following reason:
 project path <D:\Coding\DBT_Project\dbt_project.yml> not found

[0m21:13:13.709383 [debug] [MainThread]: Command `dbt debug` failed at 21:13:13.709284 after 0.14 seconds
[0m21:13:13.709692 [debug] [MainThread]: Sending event: {'category': 'dbt', 'action': 'invocation', 'label': 'end', 'context': [<snowplow_tracker.self_describing_json.SelfDescribingJson object at 0x000001E2A4390C30>, <snowplow_tracker.self_describing_json.SelfDescribingJson object at 0x000001E2A4215EB0>, <snowplow_tracker.self_describing_json.SelfDescribingJson object at 0x000001E2A41F18C0>]}
[0m21:13:13.710018 [debug] [MainThread]: Flushing usage events
[0m21:13:14.798461 [debug] [MainThread]: An error was encountered while trying to flush usage events
